CRITICAL - 2024-04-15 08:55:45 --> ErrorException: Undefined array key "password"
[Method: POST, Route: Login]
in APPPATH\Controllers\Home.php on line 73.
 1 APPPATH\Controllers\Home.php(73): CodeIgniter\Debug\Exceptions->errorHandler(2, 'Undefined array key "password"', 'C:\\xampp\\htdocs\\Test\\app\\Controllers\\Home.php', 73)
 2 SYSTEMPATH\CodeIgniter.php(933): App\Controllers\Home->Login()
 3 SYSTEMPATH\CodeIgniter.php(509): CodeIgniter\CodeIgniter->runController(Object(App\Controllers\Home))
 4 SYSTEMPATH\CodeIgniter.php(355): CodeIgniter\CodeIgniter->handleRequest(null, Object(Config\Cache), false)
 5 SYSTEMPATH\Boot.php(312): CodeIgniter\CodeIgniter->run()
 6 SYSTEMPATH\Boot.php(67): CodeIgniter\Boot::runCodeIgniter(Object(CodeIgniter\CodeIgniter))
 7 FCPATH\index.php(56): CodeIgniter\Boot::bootWeb(Object(Config\Paths))
CRITICAL - 2024-04-15 09:04:29 --> ErrorException: Trying to access array offset on value of type null
[Method: GET, Route: AdminDashboard]
in APPPATH\Views\AdminDashboard.php on line 15.
 1 APPPATH\Views\AdminDashboard.php(15): CodeIgniter\Debug\Exceptions->errorHandler(2, 'Trying to access array offset on value of type null', 'C:\\xampp\\htdocs\\Test\\app\\Views\\AdminDashboard.php', 15)
 2 SYSTEMPATH\View\View.php(234): include('C:\\xampp\\htdocs\\Test\\app\\Views\\AdminDashboard.php')
 3 SYSTEMPATH\View\View.php(237): CodeIgniter\View\View->CodeIgniter\View\{closure}()
 4 SYSTEMPATH\Common.php(1171): CodeIgniter\View\View->render('AdminDashboard', [], true)
 5 APPPATH\Controllers\Home.php(109): view('AdminDashboard', [...])
 6 SYSTEMPATH\CodeIgniter.php(933): App\Controllers\Home->AdminDashboard()
 7 SYSTEMPATH\CodeIgniter.php(509): CodeIgniter\CodeIgniter->runController(Object(App\Controllers\Home))
 8 SYSTEMPATH\CodeIgniter.php(355): CodeIgniter\CodeIgniter->handleRequest(null, Object(Config\Cache), false)
 9 SYSTEMPATH\Boot.php(312): CodeIgniter\CodeIgniter->run()
10 SYSTEMPATH\Boot.php(67): CodeIgniter\Boot::runCodeIgniter(Object(CodeIgniter\CodeIgniter))
11 FCPATH\index.php(56): CodeIgniter\Boot::bootWeb(Object(Config\Paths))
CRITICAL - 2024-04-15 10:32:39 --> ErrorException: Trying to access array offset on value of type null
[Method: GET, Route: AdminDashboard]
in APPPATH\Views\AdminDashboard.php on line 17.
 1 APPPATH\Views\AdminDashboard.php(17): CodeIgniter\Debug\Exceptions->errorHandler(2, 'Trying to access array offset on value of type null', 'C:\\xampp\\htdocs\\Test\\app\\Views\\AdminDashboard.php', 17)
 2 SYSTEMPATH\View\View.php(234): include('C:\\xampp\\htdocs\\Test\\app\\Views\\AdminDashboard.php')
 3 SYSTEMPATH\View\View.php(237): CodeIgniter\View\View->CodeIgniter\View\{closure}()
 4 SYSTEMPATH\Common.php(1171): CodeIgniter\View\View->render('AdminDashboard', [], true)
 5 APPPATH\Controllers\Home.php(114): view('AdminDashboard', [...])
 6 SYSTEMPATH\CodeIgniter.php(933): App\Controllers\Home->AdminDashboard()
 7 SYSTEMPATH\CodeIgniter.php(509): CodeIgniter\CodeIgniter->runController(Object(App\Controllers\Home))
 8 SYSTEMPATH\CodeIgniter.php(355): CodeIgniter\CodeIgniter->handleRequest(null, Object(Config\Cache), false)
 9 SYSTEMPATH\Boot.php(312): CodeIgniter\CodeIgniter->run()
10 SYSTEMPATH\Boot.php(67): CodeIgniter\Boot::runCodeIgniter(Object(CodeIgniter\CodeIgniter))
11 FCPATH\index.php(56): CodeIgniter\Boot::bootWeb(Object(Config\Paths))
CRITICAL - 2024-04-15 10:33:20 --> ErrorException: Trying to access array offset on value of type null
[Method: GET, Route: AdminDashboard]
in APPPATH\Views\AdminDashboard.php on line 17.
 1 APPPATH\Views\AdminDashboard.php(17): CodeIgniter\Debug\Exceptions->errorHandler(2, 'Trying to access array offset on value of type null', 'C:\\xampp\\htdocs\\Test\\app\\Views\\AdminDashboard.php', 17)
 2 SYSTEMPATH\View\View.php(234): include('C:\\xampp\\htdocs\\Test\\app\\Views\\AdminDashboard.php')
 3 SYSTEMPATH\View\View.php(237): CodeIgniter\View\View->CodeIgniter\View\{closure}()
 4 SYSTEMPATH\Common.php(1171): CodeIgniter\View\View->render('AdminDashboard', [], true)
 5 APPPATH\Controllers\Home.php(114): view('AdminDashboard', [...])
 6 SYSTEMPATH\CodeIgniter.php(933): App\Controllers\Home->AdminDashboard()
 7 SYSTEMPATH\CodeIgniter.php(509): CodeIgniter\CodeIgniter->runController(Object(App\Controllers\Home))
 8 SYSTEMPATH\CodeIgniter.php(355): CodeIgniter\CodeIgniter->handleRequest(null, Object(Config\Cache), false)
 9 SYSTEMPATH\Boot.php(312): CodeIgniter\CodeIgniter->run()
10 SYSTEMPATH\Boot.php(67): CodeIgniter\Boot::runCodeIgniter(Object(CodeIgniter\CodeIgniter))
11 FCPATH\index.php(56): CodeIgniter\Boot::bootWeb(Object(Config\Paths))
CRITICAL - 2024-04-15 10:33:21 --> ErrorException: Trying to access array offset on value of type null
[Method: GET, Route: AdminDashboard]
in APPPATH\Views\AdminDashboard.php on line 17.
 1 APPPATH\Views\AdminDashboard.php(17): CodeIgniter\Debug\Exceptions->errorHandler(2, 'Trying to access array offset on value of type null', 'C:\\xampp\\htdocs\\Test\\app\\Views\\AdminDashboard.php', 17)
 2 SYSTEMPATH\View\View.php(234): include('C:\\xampp\\htdocs\\Test\\app\\Views\\AdminDashboard.php')
 3 SYSTEMPATH\View\View.php(237): CodeIgniter\View\View->CodeIgniter\View\{closure}()
 4 SYSTEMPATH\Common.php(1171): CodeIgniter\View\View->render('AdminDashboard', [], true)
 5 APPPATH\Controllers\Home.php(114): view('AdminDashboard', [...])
 6 SYSTEMPATH\CodeIgniter.php(933): App\Controllers\Home->AdminDashboard()
 7 SYSTEMPATH\CodeIgniter.php(509): CodeIgniter\CodeIgniter->runController(Object(App\Controllers\Home))
 8 SYSTEMPATH\CodeIgniter.php(355): CodeIgniter\CodeIgniter->handleRequest(null, Object(Config\Cache), false)
 9 SYSTEMPATH\Boot.php(312): CodeIgniter\CodeIgniter->run()
10 SYSTEMPATH\Boot.php(67): CodeIgniter\Boot::runCodeIgniter(Object(CodeIgniter\CodeIgniter))
11 FCPATH\index.php(56): CodeIgniter\Boot::bootWeb(Object(Config\Paths))
CRITICAL - 2024-04-15 10:33:23 --> ErrorException: Trying to access array offset on value of type null
[Method: GET, Route: AdminDashboard]
in APPPATH\Views\AdminDashboard.php on line 17.
 1 APPPATH\Views\AdminDashboard.php(17): CodeIgniter\Debug\Exceptions->errorHandler(2, 'Trying to access array offset on value of type null', 'C:\\xampp\\htdocs\\Test\\app\\Views\\AdminDashboard.php', 17)
 2 SYSTEMPATH\View\View.php(234): include('C:\\xampp\\htdocs\\Test\\app\\Views\\AdminDashboard.php')
 3 SYSTEMPATH\View\View.php(237): CodeIgniter\View\View->CodeIgniter\View\{closure}()
 4 SYSTEMPATH\Common.php(1171): CodeIgniter\View\View->render('AdminDashboard', [], true)
 5 APPPATH\Controllers\Home.php(114): view('AdminDashboard', [...])
 6 SYSTEMPATH\CodeIgniter.php(933): App\Controllers\Home->AdminDashboard()
 7 SYSTEMPATH\CodeIgniter.php(509): CodeIgniter\CodeIgniter->runController(Object(App\Controllers\Home))
 8 SYSTEMPATH\CodeIgniter.php(355): CodeIgniter\CodeIgniter->handleRequest(null, Object(Config\Cache), false)
 9 SYSTEMPATH\Boot.php(312): CodeIgniter\CodeIgniter->run()
10 SYSTEMPATH\Boot.php(67): CodeIgniter\Boot::runCodeIgniter(Object(CodeIgniter\CodeIgniter))
11 FCPATH\index.php(56): CodeIgniter\Boot::bootWeb(Object(Config\Paths))
CRITICAL - 2024-04-15 10:33:27 --> ErrorException: Trying to access array offset on value of type null
[Method: GET, Route: AdminDashboard]
in APPPATH\Views\AdminDashboard.php on line 17.
 1 APPPATH\Views\AdminDashboard.php(17): CodeIgniter\Debug\Exceptions->errorHandler(2, 'Trying to access array offset on value of type null', 'C:\\xampp\\htdocs\\Test\\app\\Views\\AdminDashboard.php', 17)
 2 SYSTEMPATH\View\View.php(234): include('C:\\xampp\\htdocs\\Test\\app\\Views\\AdminDashboard.php')
 3 SYSTEMPATH\View\View.php(237): CodeIgniter\View\View->CodeIgniter\View\{closure}()
 4 SYSTEMPATH\Common.php(1171): CodeIgniter\View\View->render('AdminDashboard', [], true)
 5 APPPATH\Controllers\Home.php(114): view('AdminDashboard', [...])
 6 SYSTEMPATH\CodeIgniter.php(933): App\Controllers\Home->AdminDashboard()
 7 SYSTEMPATH\CodeIgniter.php(509): CodeIgniter\CodeIgniter->runController(Object(App\Controllers\Home))
 8 SYSTEMPATH\CodeIgniter.php(355): CodeIgniter\CodeIgniter->handleRequest(null, Object(Config\Cache), false)
 9 SYSTEMPATH\Boot.php(312): CodeIgniter\CodeIgniter->run()
10 SYSTEMPATH\Boot.php(67): CodeIgniter\Boot::runCodeIgniter(Object(CodeIgniter\CodeIgniter))
11 FCPATH\index.php(56): CodeIgniter\Boot::bootWeb(Object(Config\Paths))
